{"time": "2024-08-08 21:12:50,919", "level": "ERROR", "message": "Exception on /v1/auth/register [POST]"}
{"time": "2024-08-08 21:16:04,077", "level": "ERROR", "message": "Exception on /v1/auth/register [POST]"}
{"time": "2024-08-08 21:17:00,215", "level": "ERROR", "message": "Exception on /v1/auth/register [POST]"}
{"time": "2024-08-10 15:41:58,459", "level": "ERROR", "message": "Exception on /v1/auth/register [POST]"}
{"time": "2024-08-10 15:43:05,044", "level": "ERROR", "message": "Exception on /v1/auth/register [POST]"}
{"time": "2024-08-10 16:14:55,022", "level": "ERROR", "message": "Exception on /v1/auth/register [POST]"}
{"time": "2024-08-10 16:15:36,858", "level": "ERROR", "message": "Exception on /v1/auth/register [POST]"}
{"time": "2024-08-10 16:17:39,718", "level": "ERROR", "message": "Exception on /v1/auth/register [POST]"}
{"time": "2024-08-10 16:19:45,444", "level": "ERROR", "message": "Exception on /v1/auth/register [POST]"}
{"time": "2024-08-10 16:21:25,406", "level": "ERROR", "message": "Exception on /v1/auth/register [POST]"}
{"time": "2024-08-10 16:23:38,928", "level": "ERROR", "message": "Exception on /v1/auth/login [POST]"}
{"time": "2024-08-10 16:52:07,530", "level": "ERROR", "message": "Exception on /v1/auth/register [POST]"}
{"time": "2024-08-10 18:34:48,955", "level": "ERROR", "message": "Exception on /v1/auth/trigger_401 [GET]"}
{"time": "2024-08-10 18:35:15,310", "level": "ERROR", "message": "Exception on /v1/auth/trigger_401 [GET]"}
{"time": "2024-08-10 18:35:49,409", "level": "ERROR", "message": "Exception on /v1/auth/trigger_401 [GET]"}
{"time": "2024-08-10 18:42:41,994", "level": "ERROR", "message": "Exception on /v1/auth/trigger_401 [GET]"}
{"time": "2024-08-10 18:43:05,110", "level": "ERROR", "message": "Exception on /v1/auth/trigger_401 [GET]"}
{"time": "2024-08-10 18:49:10,927", "level": "ERROR", "message": "Exception on /v1/auth/trigger_401 [GET]"}
{"time": "2024-08-10 18:49:12,380", "level": "ERROR", "message": "Exception on /v1/auth/trigger_401 [GET]"}
{"time": "2024-08-10 18:53:18,057", "level": "ERROR", "message": "Exception on /v1/auth/trigger_401 [GET]"}
{"time": "2024-08-12 18:13:21,239", "level": "ERROR", "message": "Exception on /v1/auth/register [POST]"}
{"time": "2024-08-12 18:14:02,738", "level": "ERROR", "message": "Exception on /v1/auth/register [POST]"}
{"time": "2024-08-12 18:21:23,246", "level": "ERROR", "message": "Exception on /v1/auth/register [POST]"}
{"time": "2024-08-12 18:21:31,678", "level": "ERROR", "message": "Exception on /v1/auth/register [POST]"}
{"time": "2024-08-12 18:24:53,517", "level": "ERROR", "message": "Exception on /v1/auth/register [POST]"}
{"time": "2024-08-12 18:37:51,975", "level": "ERROR", "message": "Exception on /v1/auth/login [POST]"}
{"time": "2024-08-12 18:38:04,663", "level": "ERROR", "message": "Exception on /v1/auth/login [POST]"}
{"time": "2024-08-12 18:41:06,162", "level": "ERROR", "message": "Exception on /v1/auth/login [POST]"}
{"time": "2024-08-12 18:44:16,457", "level": "ERROR", "message": "Exception on /v1/auth/login [POST]"}
{"time": "2024-08-12 21:27:30,606", "level": "ERROR", "message": "Exception on /v1/auth/login [POST]"}
{"time": "2024-08-12 21:32:24,705", "level": "ERROR", "message": "Exception on /v1/auth/login [POST]"}
{"time": "2024-08-16 15:55:22,030", "level": "ERROR", "message": "Exception on /v1/grocery-name [POST]"}
{"time": "2024-08-16 15:59:33,531", "level": "ERROR", "message": "\nAn unexpected error occurred: An error occurred while saving the grocery name: 'grocery_name'"}
{"time": "2024-08-16 16:04:50,084", "level": "ERROR", "message": "Exception on /v1/grocery-name [POST]"}
{"time": "2024-08-16 16:13:33,933", "level": "ERROR", "message": "\nAn unexpected error occurred: An error occurred while saving the grocery name: Grocery Name: Dairy List already exists with you. \nPlease add a different grocery name."}
{"time": "2024-08-16 16:15:15,045", "level": "ERROR", "message": "Exception on /v1/grocery-name [POST]"}
{"time": "2024-08-16 16:20:21,528", "level": "ERROR", "message": "Exception on /v1/grocery-name [POST]"}
{"time": "2024-08-16 16:23:04,503", "level": "ERROR", "message": "Exception on /v1/grocery-name [POST]"}
{"time": "2024-08-16 16:31:16,662", "level": "ERROR", "message": "Exception on /v1/grocery-name [POST]"}
{"time": "2024-08-16 17:52:48,732", "level": "ERROR", "message": "Exception on /v1/auth/login [POST]"}
{"time": "2024-08-16 17:53:00,451", "level": "ERROR", "message": "Exception on /v1/auth/login [POST]"}
{"time": "2024-08-18 07:37:51,977", "level": "ERROR", "message": "Exception on /v1/grocery-name [POST]"}
{"time": "2024-08-18 07:57:20,065", "level": "ERROR", "message": "Exception on /v1/user/grocery-name-lists [GET]"}
{"time": "2024-08-18 13:17:15,509", "level": "ERROR", "message": "Exception on /v1/user/grocery-names-lists [GET]"}
{"time": "2024-08-18 13:20:59,778", "level": "ERROR", "message": "Exception on /v1/user/grocery-names-lists [GET]"}
{"time": "2024-08-18 13:28:14,177", "level": "ERROR", "message": "Exception on /v1/user/grocery-names-lists [GET]"}
{"time": "2024-08-18 13:35:35,884", "level": "ERROR", "message": "Exception on /v1/user/grocery-names-lists [GET]"}
{"time": "2024-08-20 14:56:06,555", "level": "ERROR", "message": "Exception on /v1/grocery-names [GET]"}
{"time": "2024-08-20 14:59:55,367", "level": "ERROR", "message": "Exception on /v1/grocery-names [GET]"}
{"time": "2024-08-20 15:00:41,691", "level": "ERROR", "message": "Exception on /v1/grocery-name [POST]"}
{"time": "2024-08-20 15:02:27,617", "level": "ERROR", "message": "Exception on /v1/grocery-names [GET]"}
{"time": "2024-08-20 15:33:38,938", "level": "ERROR", "message": "Exception on /v1/grocery-names [GET]"}
{"time": "2024-08-20 16:54:38,462", "level": "ERROR", "message": "Exception on /v1/grocery-names [GET]"}
{"time": "2024-08-21 16:25:47,215", "level": "ERROR", "message": "Exception on /v1/grocery-name [POST]"}
{"time": "2024-08-21 16:30:11,267", "level": "ERROR", "message": "Exception on /v1/grocery-name [POST]"}
{"time": "2024-08-21 16:31:47,298", "level": "ERROR", "message": "Exception on /v1/grocery-name [POST]"}
{"time": "2024-08-21 17:19:25,289", "level": "ERROR", "message": "Exception on /v1/grocery-name [POST]"}
{"time": "2024-08-24 14:08:20,069", "level": "ERROR", "message": "Exception on /v1/user/grocery-name-lists [GET]"}
{"time": "2024-08-24 14:08:38,839", "level": "ERROR", "message": "Exception on /v1/user/grocery-name-lists [GET]"}
{"time": "2024-08-24 14:09:29,130", "level": "ERROR", "message": "Exception on /v1/user/grocery-name-lists [GET]"}
{"time": "2024-08-24 14:10:00,245", "level": "ERROR", "message": "Exception on /v1/user/grocery-name-lists [GET]"}
{"time": "2024-08-25 09:41:56,063", "level": "ERROR", "message": "Exception on /v1/auth/forgot-password [POST]"}
{"time": "2024-08-25 09:42:41,788", "level": "ERROR", "message": "Exception on /v1/auth/forgot-password [POST]"}
{"time": "2024-08-25 09:44:10,862", "level": "ERROR", "message": "Exception on /v1/auth/forgot-password [POST]"}
{"time": "2024-08-25 09:48:34,791", "level": "ERROR", "message": "Exception on /v1/auth/forgot-password [POST]"}
{"time": "2024-08-25 11:43:19,053", "level": "ERROR", "message": "Exception on /v1/auth/forgot-password [POST]"}
{"time": "2024-08-25 11:44:00,100", "level": "ERROR", "message": "Exception on /v1/auth/forgot-password [POST]"}
{"time": "2024-08-25 11:48:33,419", "level": "ERROR", "message": "Exception on /v1/auth/forgot-password [POST]"}
{"time": "2024-08-25 11:50:02,331", "level": "ERROR", "message": "Exception on /v1/auth/forgot-password [POST]"}
{"time": "2024-08-25 14:05:17,705", "level": "ERROR", "message": "Exception on /v1/auth/forgot-password [POST]"}
{"time": "2024-08-25 14:05:59,309", "level": "ERROR", "message": "Exception on /v1/auth/forgot-password [POST]"}
{"time": "2024-08-25 14:06:02,321", "level": "ERROR", "message": "Exception on /v1/auth/forgot-password [POST]"}
{"time": "2024-08-25 14:08:07,063", "level": "ERROR", "message": "Exception on /v1/auth/forgot-password [POST]"}
{"time": "2024-08-25 14:10:35,386", "level": "ERROR", "message": "Exception on /v1/auth/forgot-password [POST]"}
{"time": "2024-08-25 14:23:58,093", "level": "ERROR", "message": "Exception on /v1/auth/forgot-password [POST]"}
{"time": "2024-08-25 14:24:27,473", "level": "ERROR", "message": "Exception on /v1/auth/forgot-password [POST]"}
{"time": "2024-08-25 14:26:25,835", "level": "ERROR", "message": "Exception on /v1/auth/forgot-password [POST]"}
{"time": "2024-08-25 14:29:58,019", "level": "ERROR", "message": "Exception on /v1/auth/forgot-password [POST]"}
{"time": "2024-08-25 14:36:53,264", "level": "ERROR", "message": "Exception on /v1/auth/forgot-password [POST]"}
